2026-03-10 12:50:47 - __main__ - INFO - main.py:15 - === Billing System Starting ===
2026-03-10 12:50:47 - src.services.cdr_processor - INFO - cdr_processor.py:376 - ============================================================
2026-03-10 12:50:47 - src.services.cdr_processor - INFO - cdr_processor.py:377 - Starting CDR processor in continuous mode...
2026-03-10 12:50:47 - src.services.cdr_processor - INFO - cdr_processor.py:378 - Batch size: 100, Interval: 60s
2026-03-10 12:50:47 - src.services.cdr_processor - INFO - cdr_processor.py:379 - ============================================================
2026-03-10 12:51:15 - src.services.cdr_processor - INFO - cdr_processor.py:395 - Shutting down CDR processor...
2026-03-10 12:52:02 - __main__ - INFO - main.py:15 - === Billing System Starting ===
2026-03-10 12:52:02 - src.services.cdr_processor - INFO - cdr_processor.py:376 - ============================================================
2026-03-10 12:52:02 - src.services.cdr_processor - INFO - cdr_processor.py:377 - Starting CDR processor in continuous mode...
2026-03-10 12:52:02 - src.services.cdr_processor - INFO - cdr_processor.py:378 - Batch size: 100, Interval: 60s
2026-03-10 12:52:02 - src.services.cdr_processor - INFO - cdr_processor.py:379 - ============================================================
2026-03-10 12:52:32 - src.services.cdr_processor - INFO - cdr_processor.py:395 - Shutting down CDR processor...
2026-03-10 13:06:57 - __main__ - INFO - main.py:15 - === Billing System Starting ===
2026-03-10 13:06:57 - src.services.cdr_processor - INFO - cdr_processor.py:376 - ============================================================
2026-03-10 13:06:57 - src.services.cdr_processor - INFO - cdr_processor.py:377 - Starting CDR processor in continuous mode...
2026-03-10 13:06:57 - src.services.cdr_processor - INFO - cdr_processor.py:378 - Batch size: 100, Interval: 10s
2026-03-10 13:06:57 - src.services.cdr_processor - INFO - cdr_processor.py:379 - ============================================================
2026-03-10 13:09:07 - src.services.cdr_processor - WARNING - cdr_processor.py:121 - DB connect attempt 1/3 failed: connection timeout expired
2026-03-10 13:09:07 - src.services.cdr_processor - INFO - cdr_processor.py:124 - Retrying DB connect in 2s...
2026-03-10 13:11:19 - src.services.cdr_processor - WARNING - cdr_processor.py:121 - DB connect attempt 2/3 failed: connection timeout expired
2026-03-10 13:11:19 - src.services.cdr_processor - INFO - cdr_processor.py:124 - Retrying DB connect in 4s...
2026-03-10 13:13:33 - src.services.cdr_processor - WARNING - cdr_processor.py:121 - DB connect attempt 3/3 failed: connection timeout expired
2026-03-10 13:13:33 - src.services.cdr_processor - ERROR - cdr_processor.py:358 - Batch processing failed: connection timeout expired
Traceback (most recent call last):
  File "C:\billing\billing\src\services\cdr_processor.py", line 111, in process_batch
    conn = psycopg.connect(
           ^^^^^^^^^^^^^^^^
  File "C:\Users\avina\AppData\Local\Programs\Python\Python311\Lib\site-packages\psycopg\connection.py", line 122, in connect
    raise last_ex.with_traceback(None)
psycopg.errors.ConnectionTimeout: connection timeout expired
2026-03-10 13:13:33 - src.services.cdr_processor - INFO - cdr_processor.py:391 - Waiting 10s for new CDRs...
2026-03-10 13:15:53 - src.services.cdr_processor - WARNING - cdr_processor.py:121 - DB connect attempt 1/3 failed: connection timeout expired
2026-03-10 13:15:53 - src.services.cdr_processor - INFO - cdr_processor.py:124 - Retrying DB connect in 2s...
2026-03-10 13:18:05 - src.services.cdr_processor - WARNING - cdr_processor.py:121 - DB connect attempt 2/3 failed: connection timeout expired
2026-03-10 13:18:05 - src.services.cdr_processor - INFO - cdr_processor.py:124 - Retrying DB connect in 4s...
2026-03-10 13:20:19 - src.services.cdr_processor - WARNING - cdr_processor.py:121 - DB connect attempt 3/3 failed: connection timeout expired
2026-03-10 13:20:19 - src.services.cdr_processor - ERROR - cdr_processor.py:358 - Batch processing failed: connection timeout expired
Traceback (most recent call last):
  File "C:\billing\billing\src\services\cdr_processor.py", line 111, in process_batch
    conn = psycopg.connect(
           ^^^^^^^^^^^^^^^^
  File "C:\Users\avina\AppData\Local\Programs\Python\Python311\Lib\site-packages\psycopg\connection.py", line 122, in connect
    raise last_ex.with_traceback(None)
psycopg.errors.ConnectionTimeout: connection timeout expired
2026-03-10 13:20:19 - src.services.cdr_processor - INFO - cdr_processor.py:391 - Waiting 10s for new CDRs...
2026-03-10 13:21:10 - src.services.cdr_processor - INFO - cdr_processor.py:395 - Shutting down CDR processor...
2026-03-10 15:46:30 - __main__ - INFO - main.py:15 - === Billing System Starting ===
2026-03-10 15:46:30 - src.services.cdr_processor - INFO - cdr_processor.py:376 - ============================================================
2026-03-10 15:46:30 - src.services.cdr_processor - INFO - cdr_processor.py:377 - Starting CDR processor in continuous mode...
2026-03-10 15:46:30 - src.services.cdr_processor - INFO - cdr_processor.py:378 - Batch size: 100, Interval: 10s
2026-03-10 15:46:30 - src.services.cdr_processor - INFO - cdr_processor.py:379 - ============================================================
2026-03-10 15:48:41 - src.services.cdr_processor - WARNING - cdr_processor.py:121 - DB connect attempt 1/3 failed: connection timeout expired
2026-03-10 15:48:41 - src.services.cdr_processor - INFO - cdr_processor.py:124 - Retrying DB connect in 2s...
2026-03-10 15:50:53 - src.services.cdr_processor - WARNING - cdr_processor.py:121 - DB connect attempt 2/3 failed: connection timeout expired
2026-03-10 15:50:53 - src.services.cdr_processor - INFO - cdr_processor.py:124 - Retrying DB connect in 4s...
2026-03-10 15:53:07 - src.services.cdr_processor - WARNING - cdr_processor.py:121 - DB connect attempt 3/3 failed: connection timeout expired
2026-03-10 15:53:07 - src.services.cdr_processor - ERROR - cdr_processor.py:358 - Batch processing failed: connection timeout expired
Traceback (most recent call last):
  File "C:\billing\billing\src\services\cdr_processor.py", line 111, in process_batch
    conn = psycopg.connect(
           ^^^^^^^^^^^^^^^^
  File "C:\Users\avina\AppData\Local\Programs\Python\Python311\Lib\site-packages\psycopg\connection.py", line 122, in connect
    raise last_ex.with_traceback(None)
psycopg.errors.ConnectionTimeout: connection timeout expired
2026-03-10 15:53:07 - src.services.cdr_processor - INFO - cdr_processor.py:391 - Waiting 10s for new CDRs...
2026-03-10 15:55:27 - src.services.cdr_processor - WARNING - cdr_processor.py:121 - DB connect attempt 1/3 failed: connection timeout expired
2026-03-10 15:55:27 - src.services.cdr_processor - INFO - cdr_processor.py:124 - Retrying DB connect in 2s...
2026-03-10 15:57:39 - src.services.cdr_processor - WARNING - cdr_processor.py:121 - DB connect attempt 2/3 failed: connection timeout expired
2026-03-10 15:57:39 - src.services.cdr_processor - INFO - cdr_processor.py:124 - Retrying DB connect in 4s...
2026-03-10 15:59:53 - src.services.cdr_processor - WARNING - cdr_processor.py:121 - DB connect attempt 3/3 failed: connection timeout expired
2026-03-10 15:59:53 - src.services.cdr_processor - ERROR - cdr_processor.py:358 - Batch processing failed: connection timeout expired
Traceback (most recent call last):
  File "C:\billing\billing\src\services\cdr_processor.py", line 111, in process_batch
    conn = psycopg.connect(
           ^^^^^^^^^^^^^^^^
  File "C:\Users\avina\AppData\Local\Programs\Python\Python311\Lib\site-packages\psycopg\connection.py", line 122, in connect
    raise last_ex.with_traceback(None)
psycopg.errors.ConnectionTimeout: connection timeout expired
2026-03-10 15:59:53 - src.services.cdr_processor - INFO - cdr_processor.py:391 - Waiting 10s for new CDRs...
2026-03-10 16:02:13 - src.services.cdr_processor - WARNING - cdr_processor.py:121 - DB connect attempt 1/3 failed: connection timeout expired
2026-03-10 16:02:13 - src.services.cdr_processor - INFO - cdr_processor.py:124 - Retrying DB connect in 2s...
2026-03-10 16:04:25 - src.services.cdr_processor - WARNING - cdr_processor.py:121 - DB connect attempt 2/3 failed: connection timeout expired
2026-03-10 16:04:25 - src.services.cdr_processor - INFO - cdr_processor.py:124 - Retrying DB connect in 4s...
2026-03-10 16:06:39 - src.services.cdr_processor - WARNING - cdr_processor.py:121 - DB connect attempt 3/3 failed: connection timeout expired
2026-03-10 16:06:39 - src.services.cdr_processor - ERROR - cdr_processor.py:358 - Batch processing failed: connection timeout expired
Traceback (most recent call last):
  File "C:\billing\billing\src\services\cdr_processor.py", line 111, in process_batch
    conn = psycopg.connect(
           ^^^^^^^^^^^^^^^^
  File "C:\Users\avina\AppData\Local\Programs\Python\Python311\Lib\site-packages\psycopg\connection.py", line 122, in connect
    raise last_ex.with_traceback(None)
psycopg.errors.ConnectionTimeout: connection timeout expired
2026-03-10 16:06:39 - src.services.cdr_processor - INFO - cdr_processor.py:391 - Waiting 10s for new CDRs...
2026-03-10 16:08:59 - src.services.cdr_processor - WARNING - cdr_processor.py:121 - DB connect attempt 1/3 failed: connection timeout expired
2026-03-10 16:08:59 - src.services.cdr_processor - INFO - cdr_processor.py:124 - Retrying DB connect in 2s...
2026-03-10 16:11:11 - src.services.cdr_processor - WARNING - cdr_processor.py:121 - DB connect attempt 2/3 failed: connection timeout expired
2026-03-10 16:11:11 - src.services.cdr_processor - INFO - cdr_processor.py:124 - Retrying DB connect in 4s...
2026-03-10 16:13:25 - src.services.cdr_processor - WARNING - cdr_processor.py:121 - DB connect attempt 3/3 failed: connection timeout expired
2026-03-10 16:13:25 - src.services.cdr_processor - ERROR - cdr_processor.py:358 - Batch processing failed: connection timeout expired
Traceback (most recent call last):
  File "C:\billing\billing\src\services\cdr_processor.py", line 111, in process_batch
    conn = psycopg.connect(
           ^^^^^^^^^^^^^^^^
  File "C:\Users\avina\AppData\Local\Programs\Python\Python311\Lib\site-packages\psycopg\connection.py", line 122, in connect
    raise last_ex.with_traceback(None)
psycopg.errors.ConnectionTimeout: connection timeout expired
2026-03-10 16:13:25 - src.services.cdr_processor - INFO - cdr_processor.py:391 - Waiting 10s for new CDRs...
2026-03-10 16:15:45 - src.services.cdr_processor - WARNING - cdr_processor.py:121 - DB connect attempt 1/3 failed: connection timeout expired
2026-03-10 16:15:45 - src.services.cdr_processor - INFO - cdr_processor.py:124 - Retrying DB connect in 2s...
2026-03-10 16:17:57 - src.services.cdr_processor - WARNING - cdr_processor.py:121 - DB connect attempt 2/3 failed: connection timeout expired
2026-03-10 16:17:57 - src.services.cdr_processor - INFO - cdr_processor.py:124 - Retrying DB connect in 4s...
2026-03-10 16:20:11 - src.services.cdr_processor - WARNING - cdr_processor.py:121 - DB connect attempt 3/3 failed: connection timeout expired
2026-03-10 16:20:11 - src.services.cdr_processor - ERROR - cdr_processor.py:358 - Batch processing failed: connection timeout expired
Traceback (most recent call last):
  File "C:\billing\billing\src\services\cdr_processor.py", line 111, in process_batch
    conn = psycopg.connect(
           ^^^^^^^^^^^^^^^^
  File "C:\Users\avina\AppData\Local\Programs\Python\Python311\Lib\site-packages\psycopg\connection.py", line 122, in connect
    raise last_ex.with_traceback(None)
psycopg.errors.ConnectionTimeout: connection timeout expired
2026-03-10 16:20:11 - src.services.cdr_processor - INFO - cdr_processor.py:391 - Waiting 10s for new CDRs...
2026-03-10 16:22:31 - src.services.cdr_processor - WARNING - cdr_processor.py:121 - DB connect attempt 1/3 failed: connection timeout expired
2026-03-10 16:22:31 - src.services.cdr_processor - INFO - cdr_processor.py:124 - Retrying DB connect in 2s...
2026-03-10 16:24:43 - src.services.cdr_processor - WARNING - cdr_processor.py:121 - DB connect attempt 2/3 failed: connection timeout expired
2026-03-10 16:24:43 - src.services.cdr_processor - INFO - cdr_processor.py:124 - Retrying DB connect in 4s...
2026-03-10 16:26:57 - src.services.cdr_processor - WARNING - cdr_processor.py:121 - DB connect attempt 3/3 failed: connection timeout expired
2026-03-10 16:26:58 - src.services.cdr_processor - ERROR - cdr_processor.py:358 - Batch processing failed: connection timeout expired
Traceback (most recent call last):
  File "C:\billing\billing\src\services\cdr_processor.py", line 111, in process_batch
    conn = psycopg.connect(
           ^^^^^^^^^^^^^^^^
  File "C:\Users\avina\AppData\Local\Programs\Python\Python311\Lib\site-packages\psycopg\connection.py", line 122, in connect
    raise last_ex.with_traceback(None)
psycopg.errors.ConnectionTimeout: connection timeout expired
2026-03-10 16:26:58 - src.services.cdr_processor - INFO - cdr_processor.py:391 - Waiting 10s for new CDRs...
2026-03-10 16:29:18 - src.services.cdr_processor - WARNING - cdr_processor.py:121 - DB connect attempt 1/3 failed: connection timeout expired
2026-03-10 16:29:18 - src.services.cdr_processor - INFO - cdr_processor.py:124 - Retrying DB connect in 2s...
2026-03-10 16:31:30 - src.services.cdr_processor - WARNING - cdr_processor.py:121 - DB connect attempt 2/3 failed: connection timeout expired
2026-03-10 16:31:30 - src.services.cdr_processor - INFO - cdr_processor.py:124 - Retrying DB connect in 4s...
2026-03-10 16:33:44 - src.services.cdr_processor - WARNING - cdr_processor.py:121 - DB connect attempt 3/3 failed: connection timeout expired
2026-03-10 16:33:44 - src.services.cdr_processor - ERROR - cdr_processor.py:358 - Batch processing failed: connection timeout expired
Traceback (most recent call last):
  File "C:\billing\billing\src\services\cdr_processor.py", line 111, in process_batch
    conn = psycopg.connect(
           ^^^^^^^^^^^^^^^^
  File "C:\Users\avina\AppData\Local\Programs\Python\Python311\Lib\site-packages\psycopg\connection.py", line 122, in connect
    raise last_ex.with_traceback(None)
psycopg.errors.ConnectionTimeout: connection timeout expired
2026-03-10 16:33:44 - src.services.cdr_processor - INFO - cdr_processor.py:391 - Waiting 10s for new CDRs...
2026-03-10 16:36:04 - src.services.cdr_processor - WARNING - cdr_processor.py:121 - DB connect attempt 1/3 failed: connection timeout expired
2026-03-10 16:36:04 - src.services.cdr_processor - INFO - cdr_processor.py:124 - Retrying DB connect in 2s...
2026-03-10 16:38:16 - src.services.cdr_processor - WARNING - cdr_processor.py:121 - DB connect attempt 2/3 failed: connection timeout expired
2026-03-10 16:38:16 - src.services.cdr_processor - INFO - cdr_processor.py:124 - Retrying DB connect in 4s...
2026-03-10 16:40:30 - src.services.cdr_processor - WARNING - cdr_processor.py:121 - DB connect attempt 3/3 failed: connection timeout expired
2026-03-10 16:40:30 - src.services.cdr_processor - ERROR - cdr_processor.py:358 - Batch processing failed: connection timeout expired
Traceback (most recent call last):
  File "C:\billing\billing\src\services\cdr_processor.py", line 111, in process_batch
    conn = psycopg.connect(
           ^^^^^^^^^^^^^^^^
  File "C:\Users\avina\AppData\Local\Programs\Python\Python311\Lib\site-packages\psycopg\connection.py", line 122, in connect
    raise last_ex.with_traceback(None)
psycopg.errors.ConnectionTimeout: connection timeout expired
2026-03-10 16:40:30 - src.services.cdr_processor - INFO - cdr_processor.py:391 - Waiting 10s for new CDRs...
2026-03-10 16:40:36 - src.services.cdr_processor - INFO - cdr_processor.py:395 - Shutting down CDR processor...
2026-03-10 17:01:26 - __main__ - INFO - main.py:15 - === Billing System Starting ===
2026-03-10 17:01:26 - src.services.cdr_processor - INFO - cdr_processor.py:376 - ============================================================
2026-03-10 17:01:26 - src.services.cdr_processor - INFO - cdr_processor.py:377 - Starting CDR processor in continuous mode...
2026-03-10 17:01:26 - src.services.cdr_processor - INFO - cdr_processor.py:378 - Batch size: 100, Interval: 10s
2026-03-10 17:01:26 - src.services.cdr_processor - INFO - cdr_processor.py:379 - ============================================================
2026-03-10 17:03:36 - src.services.cdr_processor - WARNING - cdr_processor.py:121 - DB connect attempt 1/3 failed: connection timeout expired
2026-03-10 17:03:36 - src.services.cdr_processor - INFO - cdr_processor.py:124 - Retrying DB connect in 2s...
2026-03-10 17:05:48 - src.services.cdr_processor - WARNING - cdr_processor.py:121 - DB connect attempt 2/3 failed: connection timeout expired
2026-03-10 17:05:48 - src.services.cdr_processor - INFO - cdr_processor.py:124 - Retrying DB connect in 4s...
2026-03-10 17:08:02 - src.services.cdr_processor - WARNING - cdr_processor.py:121 - DB connect attempt 3/3 failed: connection timeout expired
2026-03-10 17:08:02 - src.services.cdr_processor - ERROR - cdr_processor.py:358 - Batch processing failed: connection timeout expired
Traceback (most recent call last):
  File "C:\billing\billing\src\services\cdr_processor.py", line 111, in process_batch
    conn = psycopg.connect(
           ^^^^^^^^^^^^^^^^
  File "C:\Users\avina\AppData\Local\Programs\Python\Python311\Lib\site-packages\psycopg\connection.py", line 122, in connect
    raise last_ex.with_traceback(None)
psycopg.errors.ConnectionTimeout: connection timeout expired
2026-03-10 17:08:02 - src.services.cdr_processor - INFO - cdr_processor.py:391 - Waiting 10s for new CDRs...
2026-03-10 17:10:23 - src.services.cdr_processor - WARNING - cdr_processor.py:121 - DB connect attempt 1/3 failed: connection timeout expired
2026-03-10 17:10:23 - src.services.cdr_processor - INFO - cdr_processor.py:124 - Retrying DB connect in 2s...
2026-03-10 17:12:35 - src.services.cdr_processor - WARNING - cdr_processor.py:121 - DB connect attempt 2/3 failed: connection timeout expired
2026-03-10 17:12:35 - src.services.cdr_processor - INFO - cdr_processor.py:124 - Retrying DB connect in 4s...
2026-03-10 17:14:49 - src.services.cdr_processor - WARNING - cdr_processor.py:121 - DB connect attempt 3/3 failed: connection timeout expired
2026-03-10 17:14:49 - src.services.cdr_processor - ERROR - cdr_processor.py:358 - Batch processing failed: connection timeout expired
Traceback (most recent call last):
  File "C:\billing\billing\src\services\cdr_processor.py", line 111, in process_batch
    conn = psycopg.connect(
           ^^^^^^^^^^^^^^^^
  File "C:\Users\avina\AppData\Local\Programs\Python\Python311\Lib\site-packages\psycopg\connection.py", line 122, in connect
    raise last_ex.with_traceback(None)
psycopg.errors.ConnectionTimeout: connection timeout expired
2026-03-10 17:14:49 - src.services.cdr_processor - INFO - cdr_processor.py:391 - Waiting 10s for new CDRs...
2026-03-10 17:15:01 - src.services.cdr_processor - INFO - cdr_processor.py:132 - Fetching up to 100 unrated CDRs...
2026-03-10 17:15:01 - src.services.cdr_processor - INFO - cdr_processor.py:161 - Found 51 CDRs to process
2026-03-10 17:15:01 - src.services.cdr_processor - ERROR - cdr_processor.py:49 - Failed to load rate cards cache: [Errno 2] No such file or directory: 'src\\cache\\rate_cards.json'
2026-03-10 17:15:01 - src.services.cdr_processor - ERROR - cdr_processor.py:75 - Failed to load customer ratecard cache: [Errno 2] No such file or directory: 'src\\cache\\customer_ratecard.json'
2026-03-10 17:15:01 - src.services.cdr_processor - ERROR - cdr_processor.py:169 - Rate cards or customer ratecards cache is empty
2026-03-10 17:15:01 - src.services.cdr_processor - INFO - cdr_processor.py:391 - Waiting 10s for new CDRs...
2026-03-10 17:15:13 - src.services.cdr_processor - INFO - cdr_processor.py:132 - Fetching up to 100 unrated CDRs...
2026-03-10 17:15:13 - src.services.cdr_processor - INFO - cdr_processor.py:161 - Found 51 CDRs to process
2026-03-10 17:15:13 - src.services.cdr_processor - ERROR - cdr_processor.py:49 - Failed to load rate cards cache: [Errno 2] No such file or directory: 'src\\cache\\rate_cards.json'
2026-03-10 17:15:13 - src.services.cdr_processor - ERROR - cdr_processor.py:75 - Failed to load customer ratecard cache: [Errno 2] No such file or directory: 'src\\cache\\customer_ratecard.json'
2026-03-10 17:15:13 - src.services.cdr_processor - ERROR - cdr_processor.py:169 - Rate cards or customer ratecards cache is empty
2026-03-10 17:15:13 - src.services.cdr_processor - INFO - cdr_processor.py:391 - Waiting 10s for new CDRs...
2026-03-10 17:15:25 - src.services.cdr_processor - INFO - cdr_processor.py:132 - Fetching up to 100 unrated CDRs...
2026-03-10 17:15:25 - src.services.cdr_processor - INFO - cdr_processor.py:161 - Found 51 CDRs to process
2026-03-10 17:15:25 - src.services.cdr_processor - ERROR - cdr_processor.py:49 - Failed to load rate cards cache: [Errno 2] No such file or directory: 'src\\cache\\rate_cards.json'
2026-03-10 17:15:25 - src.services.cdr_processor - ERROR - cdr_processor.py:75 - Failed to load customer ratecard cache: [Errno 2] No such file or directory: 'src\\cache\\customer_ratecard.json'
2026-03-10 17:15:25 - src.services.cdr_processor - ERROR - cdr_processor.py:169 - Rate cards or customer ratecards cache is empty
2026-03-10 17:15:25 - src.services.cdr_processor - INFO - cdr_processor.py:391 - Waiting 10s for new CDRs...
2026-03-10 17:15:37 - src.services.cdr_processor - INFO - cdr_processor.py:132 - Fetching up to 100 unrated CDRs...
2026-03-10 17:15:38 - src.services.cdr_processor - INFO - cdr_processor.py:161 - Found 51 CDRs to process
2026-03-10 17:15:38 - src.services.cdr_processor - ERROR - cdr_processor.py:49 - Failed to load rate cards cache: [Errno 2] No such file or directory: 'src\\cache\\rate_cards.json'
2026-03-10 17:15:38 - src.services.cdr_processor - ERROR - cdr_processor.py:75 - Failed to load customer ratecard cache: [Errno 2] No such file or directory: 'src\\cache\\customer_ratecard.json'
2026-03-10 17:15:38 - src.services.cdr_processor - ERROR - cdr_processor.py:169 - Rate cards or customer ratecards cache is empty
2026-03-10 17:15:38 - src.services.cdr_processor - INFO - cdr_processor.py:391 - Waiting 10s for new CDRs...
2026-03-10 17:15:49 - src.services.cdr_processor - INFO - cdr_processor.py:132 - Fetching up to 100 unrated CDRs...
2026-03-10 17:15:50 - src.services.cdr_processor - INFO - cdr_processor.py:161 - Found 51 CDRs to process
2026-03-10 17:15:50 - src.services.cdr_processor - ERROR - cdr_processor.py:49 - Failed to load rate cards cache: [Errno 2] No such file or directory: 'src\\cache\\rate_cards.json'
2026-03-10 17:15:50 - src.services.cdr_processor - ERROR - cdr_processor.py:75 - Failed to load customer ratecard cache: [Errno 2] No such file or directory: 'src\\cache\\customer_ratecard.json'
2026-03-10 17:15:50 - src.services.cdr_processor - ERROR - cdr_processor.py:169 - Rate cards or customer ratecards cache is empty
2026-03-10 17:15:50 - src.services.cdr_processor - INFO - cdr_processor.py:391 - Waiting 10s for new CDRs...
2026-03-10 17:16:01 - src.services.cdr_processor - INFO - cdr_processor.py:132 - Fetching up to 100 unrated CDRs...
2026-03-10 17:16:02 - src.services.cdr_processor - INFO - cdr_processor.py:161 - Found 51 CDRs to process
2026-03-10 17:16:02 - src.services.cdr_processor - ERROR - cdr_processor.py:49 - Failed to load rate cards cache: [Errno 2] No such file or directory: 'src\\cache\\rate_cards.json'
2026-03-10 17:16:02 - src.services.cdr_processor - ERROR - cdr_processor.py:75 - Failed to load customer ratecard cache: [Errno 2] No such file or directory: 'src\\cache\\customer_ratecard.json'
2026-03-10 17:16:02 - src.services.cdr_processor - ERROR - cdr_processor.py:169 - Rate cards or customer ratecards cache is empty
2026-03-10 17:16:02 - src.services.cdr_processor - INFO - cdr_processor.py:391 - Waiting 10s for new CDRs...
2026-03-10 17:16:14 - src.services.cdr_processor - INFO - cdr_processor.py:132 - Fetching up to 100 unrated CDRs...
2026-03-10 17:16:14 - src.services.cdr_processor - INFO - cdr_processor.py:161 - Found 51 CDRs to process
2026-03-10 17:16:14 - src.services.cdr_processor - ERROR - cdr_processor.py:49 - Failed to load rate cards cache: [Errno 2] No such file or directory: 'src\\cache\\rate_cards.json'
2026-03-10 17:16:14 - src.services.cdr_processor - ERROR - cdr_processor.py:75 - Failed to load customer ratecard cache: [Errno 2] No such file or directory: 'src\\cache\\customer_ratecard.json'
2026-03-10 17:16:14 - src.services.cdr_processor - ERROR - cdr_processor.py:169 - Rate cards or customer ratecards cache is empty
2026-03-10 17:16:14 - src.services.cdr_processor - INFO - cdr_processor.py:391 - Waiting 10s for new CDRs...
2026-03-10 17:16:26 - src.services.cdr_processor - INFO - cdr_processor.py:132 - Fetching up to 100 unrated CDRs...
2026-03-10 17:16:26 - src.services.cdr_processor - INFO - cdr_processor.py:161 - Found 51 CDRs to process
2026-03-10 17:16:26 - src.services.cdr_processor - ERROR - cdr_processor.py:49 - Failed to load rate cards cache: [Errno 2] No such file or directory: 'src\\cache\\rate_cards.json'
2026-03-10 17:16:26 - src.services.cdr_processor - ERROR - cdr_processor.py:75 - Failed to load customer ratecard cache: [Errno 2] No such file or directory: 'src\\cache\\customer_ratecard.json'
2026-03-10 17:16:26 - src.services.cdr_processor - ERROR - cdr_processor.py:169 - Rate cards or customer ratecards cache is empty
2026-03-10 17:16:26 - src.services.cdr_processor - INFO - cdr_processor.py:391 - Waiting 10s for new CDRs...
2026-03-10 17:16:38 - src.services.cdr_processor - INFO - cdr_processor.py:132 - Fetching up to 100 unrated CDRs...
2026-03-10 17:16:38 - src.services.cdr_processor - INFO - cdr_processor.py:161 - Found 51 CDRs to process
2026-03-10 17:16:38 - src.services.cdr_processor - ERROR - cdr_processor.py:49 - Failed to load rate cards cache: [Errno 2] No such file or directory: 'src\\cache\\rate_cards.json'
2026-03-10 17:16:38 - src.services.cdr_processor - ERROR - cdr_processor.py:75 - Failed to load customer ratecard cache: [Errno 2] No such file or directory: 'src\\cache\\customer_ratecard.json'
2026-03-10 17:16:38 - src.services.cdr_processor - ERROR - cdr_processor.py:169 - Rate cards or customer ratecards cache is empty
2026-03-10 17:16:38 - src.services.cdr_processor - INFO - cdr_processor.py:391 - Waiting 10s for new CDRs...
2026-03-10 17:16:50 - src.services.cdr_processor - INFO - cdr_processor.py:132 - Fetching up to 100 unrated CDRs...
2026-03-10 17:16:51 - src.services.cdr_processor - INFO - cdr_processor.py:161 - Found 51 CDRs to process
2026-03-10 17:16:51 - src.services.cdr_processor - ERROR - cdr_processor.py:49 - Failed to load rate cards cache: [Errno 2] No such file or directory: 'src\\cache\\rate_cards.json'
2026-03-10 17:16:51 - src.services.cdr_processor - ERROR - cdr_processor.py:75 - Failed to load customer ratecard cache: [Errno 2] No such file or directory: 'src\\cache\\customer_ratecard.json'
2026-03-10 17:16:51 - src.services.cdr_processor - ERROR - cdr_processor.py:169 - Rate cards or customer ratecards cache is empty
2026-03-10 17:16:51 - src.services.cdr_processor - INFO - cdr_processor.py:391 - Waiting 10s for new CDRs...
2026-03-10 17:17:02 - src.services.cdr_processor - INFO - cdr_processor.py:132 - Fetching up to 100 unrated CDRs...
2026-03-10 17:17:03 - src.services.cdr_processor - INFO - cdr_processor.py:161 - Found 51 CDRs to process
2026-03-10 17:17:03 - src.services.cdr_processor - ERROR - cdr_processor.py:49 - Failed to load rate cards cache: [Errno 2] No such file or directory: 'src\\cache\\rate_cards.json'
2026-03-10 17:17:03 - src.services.cdr_processor - ERROR - cdr_processor.py:75 - Failed to load customer ratecard cache: [Errno 2] No such file or directory: 'src\\cache\\customer_ratecard.json'
2026-03-10 17:17:03 - src.services.cdr_processor - ERROR - cdr_processor.py:169 - Rate cards or customer ratecards cache is empty
2026-03-10 17:17:03 - src.services.cdr_processor - INFO - cdr_processor.py:391 - Waiting 10s for new CDRs...
2026-03-10 17:17:14 - src.services.cdr_processor - INFO - cdr_processor.py:132 - Fetching up to 100 unrated CDRs...
2026-03-10 17:17:15 - src.services.cdr_processor - INFO - cdr_processor.py:161 - Found 51 CDRs to process
2026-03-10 17:17:15 - src.services.cdr_processor - ERROR - cdr_processor.py:49 - Failed to load rate cards cache: [Errno 2] No such file or directory: 'src\\cache\\rate_cards.json'
2026-03-10 17:17:15 - src.services.cdr_processor - ERROR - cdr_processor.py:75 - Failed to load customer ratecard cache: [Errno 2] No such file or directory: 'src\\cache\\customer_ratecard.json'
2026-03-10 17:17:15 - src.services.cdr_processor - ERROR - cdr_processor.py:169 - Rate cards or customer ratecards cache is empty
2026-03-10 17:17:15 - src.services.cdr_processor - INFO - cdr_processor.py:391 - Waiting 10s for new CDRs...
2026-03-10 17:17:27 - src.services.cdr_processor - INFO - cdr_processor.py:132 - Fetching up to 100 unrated CDRs...
2026-03-10 17:17:27 - src.services.cdr_processor - INFO - cdr_processor.py:161 - Found 51 CDRs to process
2026-03-10 17:17:27 - src.services.cdr_processor - ERROR - cdr_processor.py:49 - Failed to load rate cards cache: [Errno 2] No such file or directory: 'src\\cache\\rate_cards.json'
2026-03-10 17:17:27 - src.services.cdr_processor - ERROR - cdr_processor.py:75 - Failed to load customer ratecard cache: [Errno 2] No such file or directory: 'src\\cache\\customer_ratecard.json'
2026-03-10 17:17:27 - src.services.cdr_processor - ERROR - cdr_processor.py:169 - Rate cards or customer ratecards cache is empty
2026-03-10 17:17:27 - src.services.cdr_processor - INFO - cdr_processor.py:391 - Waiting 10s for new CDRs...
2026-03-10 17:17:30 - src.services.cdr_processor - INFO - cdr_processor.py:395 - Shutting down CDR processor...
